TN:
SF:src/buildDiff.js
FN:3,(anonymous_0)
FN:5,(anonymous_1)
FNF:2
FNH:2
FNDA:1,(anonymous_0)
FNDA:5,(anonymous_1)
DA:3,1
DA:4,1
DA:5,1
DA:6,5
DA:7,1
DA:9,4
DA:10,2
DA:12,2
DA:13,1
DA:15,1
DA:16,0
DA:18,1
DA:20,1
LF:13
LH:12
BRDA:6,0,0,1
BRDA:6,0,1,4
BRDA:9,1,0,2
BRDA:9,1,1,2
BRDA:12,2,0,1
BRDA:12,2,1,1
BRDA:15,3,0,0
BRDA:15,3,1,1
BRDA:15,4,0,1
BRDA:15,4,1,0
BRF:10
BRH:8
end_of_record
TN:
SF:src/index.js
FN:6,(anonymous_0)
FN:8,(anonymous_1)
FN:10,(anonymous_2)
FN:12,(anonymous_3)
FN:23,(anonymous_4)
FN:24,(anonymous_5)
FN:46,(anonymous_6)
FN:47,(anonymous_7)
FNF:8
FNH:8
FNDA:2,(anonymous_0)
FNDA:2,(anonymous_1)
FNDA:2,(anonymous_2)
FNDA:1,(anonymous_3)
FNDA:1,(anonymous_4)
FNDA:5,(anonymous_5)
FNDA:1,(anonymous_6)
FNDA:1,(anonymous_7)
DA:6,2
DA:8,2
DA:10,2
DA:12,1
DA:13,1
DA:14,1
DA:15,1
DA:16,1
DA:18,1
DA:19,1
DA:20,1
DA:23,1
DA:24,1
DA:25,5
DA:26,2
DA:28,3
DA:29,1
DA:31,2
DA:32,0
DA:34,2
DA:35,1
DA:37,1
DA:38,1
DA:42,1
DA:43,1
DA:46,1
DA:47,1
LF:27
LH:26
BRDA:25,0,0,2
BRDA:25,0,1,3
BRDA:28,1,0,1
BRDA:28,1,1,2
BRDA:31,2,0,0
BRDA:31,2,1,2
BRDA:34,3,0,1
BRDA:34,3,1,1
BRDA:37,4,0,1
BRDA:37,4,1,0
BRF:10
BRH:8
end_of_record
TN:
SF:src/parse.js
FN:3,(anonymous_0)
FNF:1
FNH:1
FNDA:2,(anonymous_0)
DA:3,1
DA:4,2
DA:5,2
LF:3
LH:3
BRF:0
BRH:0
end_of_record
