TN:
SF:src/buildDiff.js
FN:3,(anonymous_0)
FN:5,(anonymous_1)
FNF:2
FNH:2
FNDA:1,(anonymous_0)
FNDA:5,(anonymous_1)
DA:3,1
DA:4,1
DA:5,1
DA:6,5
DA:7,1
DA:9,4
DA:10,2
DA:12,2
DA:13,1
DA:15,1
DA:16,0
DA:18,1
DA:20,1
LF:13
LH:12
BRDA:6,0,0,1
BRDA:6,0,1,4
BRDA:9,1,0,2
BRDA:9,1,1,2
BRDA:12,2,0,1
BRDA:12,2,1,1
BRDA:15,3,0,0
BRDA:15,3,1,1
BRDA:15,4,0,1
BRDA:15,4,1,0
BRF:10
BRH:8
end_of_record
TN:
SF:src/index.js
FN:7,(anonymous_0)
FN:8,(anonymous_1)
FN:9,(anonymous_2)
FN:11,(anonymous_3)
FNF:4
FNH:4
FNDA:2,(anonymous_0)
FNDA:2,(anonymous_1)
FNDA:2,(anonymous_2)
FNDA:1,(anonymous_3)
DA:7,2
DA:8,2
DA:9,2
DA:11,1
DA:12,1
DA:13,1
DA:14,1
DA:15,1
DA:17,1
DA:18,1
DA:19,1
LF:11
LH:11
BRF:0
BRH:0
end_of_record
TN:
SF:src/parse.js
FN:3,(anonymous_0)
FNF:1
FNH:1
FNDA:2,(anonymous_0)
DA:3,1
DA:4,2
DA:5,2
LF:3
LH:3
BRF:0
BRH:0
end_of_record
TN:
SF:src/formatters/formatStylish.js
FN:1,(anonymous_0)
FN:3,(anonymous_1)
FN:4,(anonymous_2)
FN:27,(anonymous_3)
FNF:4
FNH:4
FNDA:1,(anonymous_0)
FNDA:1,(anonymous_1)
FNDA:5,(anonymous_2)
FNDA:1,(anonymous_3)
DA:1,1
DA:3,1
DA:4,1
DA:5,5
DA:6,2
DA:8,3
DA:9,1
DA:11,2
DA:12,0
DA:14,2
DA:15,1
DA:17,1
DA:18,1
DA:20,0
DA:23,1
DA:24,1
DA:27,1
LF:17
LH:15
BRDA:5,0,0,2
BRDA:5,0,1,3
BRDA:8,1,0,1
BRDA:8,1,1,2
BRDA:11,2,0,0
BRDA:11,2,1,2
BRDA:14,3,0,1
BRDA:14,3,1,1
BRDA:17,4,0,1
BRDA:17,4,1,0
BRF:10
BRH:8
end_of_record
